Base path: 'C:/Program Files/Unity/Hub/Editor/2020.2.1f1/Editor/Data', plugins path 'C:/Program Files/Unity/Hub/Editor/2020.2.1f1/Editor/Data/PlaybackEngines'
Cmd: initializeCompiler
Cmd: compileComputeKernel
  error: 2 plat 9 at MapDisplay.compute(22): the product of the arguments of numthreads(64,64,1) must be less than or equal to 1024
  error: 1 plat 9 at MapDisplay.compute(25): signed/unsigned mismatch, unsigned assumed
  api=9 insize=594 outsize=0 ok=0
Cmd: compileComputeKernel
  error: 1 plat 18 at MapDisplay.compute(25): signed/unsigned mismatch, unsigned assumed
  api=18 insize=594 outsize=3888 ok=1
Cmd: compileComputeKernel
  api=4 insize=602 outsize=904 ok=1
Cmd: compileComputeKernel
  error: 1 plat 18 at MapDisplay.compute(25): signed/unsigned mismatch, unsigned assumed
  api=18 insize=590 outsize=4036 ok=1
Cmd: compileComputeKernel
  error: 1 plat 9 at MapDisplay.compute(25): signed/unsigned mismatch, unsigned assumed
  api=9 insize=610 outsize=2147 ok=1
Cmd: compileComputeKernel
  error: 1 plat 18 at MapDisplay.compute(25): signed/unsigned mismatch, unsigned assumed
  api=18 insize=703 outsize=4212 ok=1
Cmd: compileComputeKernel
  error: 1 plat 4 at MapDisplay.compute(25): signed/unsigned mismatch, unsigned assumed
  api=4 insize=760 outsize=1016 ok=1
Cmd: compileComputeKernel
  api=9 insize=297 outsize=439 ok=1
Cmd: compileComputeKernel
  error: 1 plat 9 at MapDisplay.compute(25): signed/unsigned mismatch, unsigned assumed
  api=9 insize=760 outsize=2376 ok=1
Cmd: compileComputeKernel
  error: 1 plat 4 at MapDisplay.compute(25): signed/unsigned mismatch, unsigned assumed
  api=4 insize=771 outsize=1024 ok=1
Cmd: compileComputeKernel
  error: 1 plat 4 at MapDisplay.compute(25): signed/unsigned mismatch, unsigned assumed
  api=4 insize=784 outsize=1060 ok=1
Cmd: compileComputeKernel
  error: 1 plat 4 at MapDisplay.compute(25): signed/unsigned mismatch, unsigned assumed
  api=4 insize=785 outsize=1060 ok=1
Cmd: compileComputeKernel
  error: 1 plat 9 at MapDisplay.compute(25): signed/unsigned mismatch, unsigned assumed
  api=9 insize=776 outsize=2376 ok=1
Cmd: compileComputeKernel
  api=9 insize=796 outsize=2491 ok=1
Cmd: compileComputeKernel
  error: 2 plat 18 at MapDisplay.compute(27): undeclared identifier 'IsUVInChunk'
  api=18 insize=1005 outsize=0 ok=0
Cmd: compileComputeKernel
  api=4 insize=1005 outsize=1148 ok=1
