Base path: 'C:/Program Files/Unity/Hub/Editor/2020.2.1f1/Editor/Data', plugins path 'C:/Program Files/Unity/Hub/Editor/2020.2.1f1/Editor/Data/PlaybackEngines'
Cmd: initializeCompiler
Cmd: compileComputeKernel
  api=4 insize=492 outsize=855 ok=1
Cmd: compileComputeKernel
  error: 1 plat 9 at MapDisplay.compute(25): signed/unsigned mismatch, unsigned assumed
  api=9 insize=594 outsize=2134 ok=1
Cmd: compileComputeKernel
  error: 1 plat 9 at MapDisplay.compute(25): signed/unsigned mismatch, unsigned assumed
  api=9 insize=809 outsize=439 ok=1
Cmd: compileComputeKernel
  api=9 insize=492 outsize=1979 ok=1
Cmd: compileComputeKernel
  error: 1 plat 18 at MapDisplay.compute(25): signed/unsigned mismatch, unsigned assumed
  api=18 insize=646 outsize=3892 ok=1
Cmd: compileComputeKernel
  error: 1 plat 4 at MapDisplay.compute(25): signed/unsigned mismatch, unsigned assumed
  api=4 insize=703 outsize=980 ok=1
Cmd: compileComputeKernel
  error: 1 plat 18 at MapDisplay.compute(25): signed/unsigned mismatch, unsigned assumed
  api=18 insize=771 outsize=4716 ok=1
Cmd: compileComputeKernel
  error: 1 plat 18 at MapDisplay.compute(25): signed/unsigned mismatch, unsigned assumed
  api=18 insize=784 outsize=4524 ok=1
Cmd: compileComputeKernel
  error: 1 plat 4 at MapDisplay.compute(25): signed/unsigned mismatch, unsigned assumed
  api=4 insize=784 outsize=1060 ok=1
Cmd: compileComputeKernel
  api=4 insize=796 outsize=1072 ok=1
Cmd: compileComputeKernel
  api=9 insize=855 outsize=2439 ok=1
