Base path: 'C:/Program Files/Unity/Hub/Editor/2020.2.1f1/Editor/Data', plugins path 'C:/Program Files/Unity/Hub/Editor/2020.2.1f1/Editor/Data/PlaybackEngines'
Cmd: initializeCompiler
Cmd: compileComputeKernel
  error: 2 plat 4 at MapDisplay.compute(22): the product of the arguments of numthreads(128,128,1) must be less than or equal to 1024
  error: 1 plat 4 at MapDisplay.compute(25): signed/unsigned mismatch, unsigned assumed
  api=4 insize=596 outsize=0 ok=0
Cmd: compileComputeKernel
  error: 1 plat 9 at MapDisplay.compute(25): signed/unsigned mismatch, unsigned assumed
  api=9 insize=590 outsize=2189 ok=1
Cmd: compileComputeKernel
  error: 1 plat 9 at MapDisplay.compute(25): signed/unsigned mismatch, unsigned assumed
  api=9 insize=610 outsize=2147 ok=1
Cmd: compileComputeKernel
  error: 1 plat 18 at MapDisplay.compute(26): signed/unsigned mismatch, unsigned assumed
  api=18 insize=808 outsize=4324 ok=1
Cmd: compileComputeKernel
  error: 1 plat 4 at MapDisplay.compute(25): signed/unsigned mismatch, unsigned assumed
  api=4 insize=809 outsize=309 ok=1
Cmd: compileComputeKernel
  error: 1 plat 9 at MapDisplay.compute(25): signed/unsigned mismatch, unsigned assumed
  api=9 insize=646 outsize=2036 ok=1
Cmd: compileComputeKernel
  error: 1 plat 18 at MapDisplay.compute(25): signed/unsigned mismatch, unsigned assumed
  api=18 insize=703 outsize=4212 ok=1
Cmd: compileComputeKernel
  error: 1 plat 18 at MapDisplay.compute(25): signed/unsigned mismatch, unsigned assumed
  api=18 insize=760 outsize=4324 ok=1
Cmd: compileComputeKernel
  error: 1 plat 18 at MapDisplay.compute(25): signed/unsigned mismatch, unsigned assumed
  api=18 insize=784 outsize=4508 ok=1
Cmd: compileComputeKernel
  api=18 insize=796 outsize=4480 ok=1
Cmd: compileComputeKernel
  api=18 insize=816 outsize=4324 ok=1
Cmd: compileComputeKernel
  api=18 insize=855 outsize=4684 ok=1
