Base path: 'C:/Program Files/Unity/Hub/Editor/2020.2.1f1/Editor/Data', plugins path 'C:/Program Files/Unity/Hub/Editor/2020.2.1f1/Editor/Data/PlaybackEngines'
Cmd: initializeCompiler
Cmd: compileComputeKernel
  api=9 insize=492 outsize=1979 ok=1
Cmd: compileComputeKernel
  error: 2 plat 18 at MapDisplay.compute(22): the product of the arguments of numthreads(128,128,1) must be less than or equal to 1024
  error: 1 plat 18 at MapDisplay.compute(25): signed/unsigned mismatch, unsigned assumed
  api=18 insize=596 outsize=0 ok=0
Cmd: compileComputeKernel
  api=18 insize=602 outsize=3960 ok=1
Cmd: compileComputeKernel
  error: 1 plat 4 at MapDisplay.compute(25): signed/unsigned mismatch, unsigned assumed
  api=4 insize=590 outsize=928 ok=1
Cmd: compileComputeKernel
  error: 1 plat 18 at MapDisplay.compute(25): signed/unsigned mismatch, unsigned assumed
  api=18 insize=760 outsize=4324 ok=1
Cmd: compileComputeKernel
  api=18 insize=297 outsize=1185 ok=1
Cmd: compileComputeKernel
  error: 1 plat 9 at MapDisplay.compute(25): signed/unsigned mismatch, unsigned assumed
  api=9 insize=785 outsize=2386 ok=1
Cmd: compileComputeKernel
  error: 1 plat 18 at MapDisplay.compute(25): signed/unsigned mismatch, unsigned assumed
  api=18 insize=776 outsize=4324 ok=1
Cmd: compileComputeKernel
  error: 2 plat 9 at MapDisplay.compute(27): undeclared identifier 'IsUVInChunk'
  api=9 insize=1005 outsize=0 ok=0
