Base path: 'C:/Program Files/Unity/Hub/Editor/2020.2.1f1/Editor/Data', plugins path 'C:/Program Files/Unity/Hub/Editor/2020.2.1f1/Editor/Data/PlaybackEngines'
Cmd: initializeCompiler
Cmd: compileComputeKernel
  error: 2 plat 18 at MapDisplay.compute(22): the product of the arguments of numthreads(64,64,1) must be less than or equal to 1024
  error: 1 plat 18 at MapDisplay.compute(25): signed/unsigned mismatch, unsigned assumed
  api=18 insize=594 outsize=0 ok=0
Cmd: compileComputeKernel
  error: 1 plat 4 at MapDisplay.compute(25): signed/unsigned mismatch, unsigned assumed
  api=4 insize=594 outsize=888 ok=1
Cmd: compileComputeKernel
  api=9 insize=602 outsize=2144 ok=1
Cmd: compileComputeKernel
  error: 1 plat 18 at MapDisplay.compute(25): signed/unsigned mismatch, unsigned assumed
  api=18 insize=610 outsize=3960 ok=1
Cmd: compileComputeKernel
  error: 1 plat 4 at MapDisplay.compute(25): signed/unsigned mismatch, unsigned assumed
  api=4 insize=610 outsize=912 ok=1
Cmd: compileComputeKernel
  error: 1 plat 4 at MapDisplay.compute(25): signed/unsigned mismatch, unsigned assumed
  api=4 insize=703 outsize=980 ok=1
Cmd: compileComputeKernel
  error: 1 plat 4 at MapDisplay.compute(25): signed/unsigned mismatch, unsigned assumed
  api=4 insize=760 outsize=1016 ok=1
Cmd: compileComputeKernel
  error: 1 plat 18 at MapDisplay.compute(25): signed/unsigned mismatch, unsigned assumed
  api=18 insize=770 outsize=4524 ok=1
Cmd: compileComputeKernel
  error: 1 plat 4 at MapDisplay.compute(25): signed/unsigned mismatch, unsigned assumed
  api=4 insize=776 outsize=1016 ok=1
Cmd: compileComputeKernel
  api=9 insize=816 outsize=2413 ok=1
Cmd: compileComputeKernel
  error: 2 plat 4 at MapDisplay.compute(27): undeclared identifier 'IsUVInChunk'
  api=4 insize=1005 outsize=0 ok=0
Cmd: compileComputeKernel
  api=9 insize=1005 outsize=2668 ok=1
