Base path: 'C:/Program Files/Unity/Hub/Editor/2020.2.1f1/Editor/Data', plugins path 'C:/Program Files/Unity/Hub/Editor/2020.2.1f1/Editor/Data/PlaybackEngines'
Cmd: initializeCompiler
Cmd: compileComputeKernel
  error: 2 plat 9 at MapDisplay.compute(22): the product of the arguments of numthreads(128,128,1) must be less than or equal to 1024
  error: 1 plat 9 at MapDisplay.compute(25): signed/unsigned mismatch, unsigned assumed
  api=9 insize=596 outsize=0 ok=0
Cmd: compileComputeKernel
  error: 2 plat 4 at MapDisplay.compute(22): the product of the arguments of numthreads(64,64,1) must be less than or equal to 1024
  error: 1 plat 4 at MapDisplay.compute(25): signed/unsigned mismatch, unsigned assumed
  api=4 insize=594 outsize=0 ok=0
Cmd: compileComputeKernel
  error: 1 plat 9 at MapDisplay.compute(25): signed/unsigned mismatch, unsigned assumed
  api=9 insize=760 outsize=2376 ok=1
Cmd: compileComputeKernel
  error: 1 plat 9 at MapDisplay.compute(26): signed/unsigned mismatch, unsigned assumed
  api=9 insize=808 outsize=2376 ok=1
Cmd: compileComputeKernel
  error: 1 plat 18 at MapDisplay.compute(25): signed/unsigned mismatch, unsigned assumed
  api=18 insize=809 outsize=1185 ok=1
Cmd: compileComputeKernel
  api=4 insize=492 outsize=855 ok=1
Cmd: compileComputeKernel
  error: 1 plat 4 at MapDisplay.compute(25): signed/unsigned mismatch, unsigned assumed
  api=4 insize=770 outsize=1060 ok=1
Cmd: compileComputeKernel
  error: 1 plat 9 at MapDisplay.compute(25): signed/unsigned mismatch, unsigned assumed
  api=9 insize=784 outsize=2384 ok=1
Cmd: compileComputeKernel
  api=4 insize=816 outsize=1036 ok=1
